%!Adobe-FontList 1.20
%Locale:0x809

%BeginFont
Handler:DirectoryHandler
FontType:TrueType
FontName:ArialMT
FamilyName:Arial
StyleName:Regular
FullName:Arial
MenuName:Arial
StyleBits:0
WritingScript:Roman
OutlineFileName:G:\00 YEAR 2019\06 Packt_My book\Mastering ID CC 2020\ID exercise files\Chapter 11\Using Tables_Complete Folder\Document fonts\arial.ttf
DataFormat:sfntData
hasSVG:no
VariableFontType:NonVariableFont
FileLength:1036584
FileModTime:1552970649
WeightClass:400
WidthClass:5
AngleClass:0
NameArray:0,Mac,4,Arial
NameArray:0,Win,1,Arial
%EndFont

%BeginFont
Handler:DirectoryHandler
FontType:TrueType
FontName:Calibri
FamilyName:Calibri
StyleName:Regular
FullName:Calibri
MenuName:Calibri
StyleBits:0
WritingScript:Roman
OutlineFileName:G:\00 YEAR 2019\06 Packt_My book\Mastering ID CC 2020\ID exercise files\Chapter 11\Using Tables_Complete Folder\Document fonts\calibri.ttf
DataFormat:sfntData
hasSVG:no
VariableFontType:NonVariableFont
FileLength:1648120
FileModTime:1552970649
WeightClass:400
WidthClass:5
AngleClass:0
NameArray:0,Mac,4,Calibri
NameArray:0,Win,1,Calibri
%EndFont

%BeginFont
Handler:DirectoryHandler
FontType:TrueType
FontName:CenturyGothic
FamilyName:Century Gothic
StyleName:Regular
FullName:Century Gothic
MenuName:Century Gothic
StyleBits:0
WritingScript:Roman
OutlineFileName:G:\00 YEAR 2019\06 Packt_My book\Mastering ID CC 2020\ID exercise files\Chapter 11\Using Tables_Complete Folder\Document fonts\GOTHIC.TTF
DataFormat:sfntData
hasSVG:no
VariableFontType:NonVariableFont
FileLength:137568
FileModTime:1438212472
WeightClass:400
WidthClass:5
AngleClass:0
NameArray:0,Mac,4,Century Gothic
NameArray:0,Win,1,Century Gothic
%EndFont

%BeginFont
Handler:DirectoryHandler
FontType:Type1
FontName:MinionPro-Regular
FamilyName:Minion Pro
StyleName:Regular
FullName:Minion Pro
MenuName:Minion Pro
StyleBits:0
WritingScript:Roman
OutlineFileName:G:\00 YEAR 2019\06 Packt_My book\Mastering ID CC 2020\ID exercise files\Chapter 11\Using Tables_Complete Folder\Document fonts\MinionPro-Regular.otf
DataFormat:sfntData
UsesStandardEncoding:yes
isCFF:yes
hasSVG:no
VariableFontType:NonVariableFont
FileLength:218640
FileModTime:1571619124
WeightClass:400
WidthClass:5
AngleClass:0
DesignSize:110
NameArray:0,Mac,4,Minion Pro
NameArray:0,Win,1,Minion Pro
%EndFont

